app/build/outputs/mapping/release/seeds.txt
com.x2bro4pro.bro4call.databinding.ActivityAppLayoutBinding
com.x2bro4pro.bro4call.R$id
com.x2bro4pro.bro4call.AppActivity$saveDomainAssignment$1
com.x2bro4pro.bro4call.NetworkChangeReceiver
com.x2bro4pro.bro4call.R$string
com.x2bro4pro.bro4call.AppActivity$generateOffer$1
com.x2bro4pro.bro4call.AuthClient
com.x2bro4pro.bro4call.AppActivity$PeerConnectionClient$1$WhenMappings
com.x2bro4pro.bro4call.AuthClient$sendFcmToken$1
com.x2bro4pro.bro4call.R
com.x2bro4pro.bro4call.AppActivity$performRegisterUI$1$1
com.x2bro4pro.bro4call.AppActivity$startLiveMonitoring$1
com.x2bro4pro.bro4call.SignalingClient$pingRunnable$1
com.x2bro4pro.bro4call.CallService$CallServiceBinder
com.x2bro4pro.bro4call.R$layout
com.x2bro4pro.bro4call.AuthClient$FcmTokenCallback
com.x2bro4pro.bro4call.AppActivity$Companion
com.x2bro4pro.bro4call.AppActivity$VisitorAdapter
com.x2bro4pro.bro4call.AuthClient$RegisterCallback
com.x2bro4pro.bro4call.AuthClient$register$1
com.x2bro4pro.bro4call.AppActivity$PeerConnectionClient$1
com.x2bro4pro.bro4call.MyFirebaseMessagingService
com.x2bro4pro.bro4call.databinding.ActivityAppLayoutGlassBinding
com.x2bro4pro.bro4call.ActiveCall
com.x2bro4pro.bro4call.CallService
com.x2bro4pro.bro4call.SignalingClient$connectWithMode$1
com.x2bro4pro.bro4call.AuthClient$LoginCallback
com.x2bro4pro.bro4call.SignalingClient$Companion
com.x2bro4pro.bro4call.AppActivity$performLoginUI$1$1
com.x2bro4pro.bro4call.AppActivity$sendFcmTokenToBackend$1$1
com.x2bro4pro.bro4call.AppActivity$approveUser$1
com.x2bro4pro.bro4call.AppActivity
com.x2bro4pro.bro4call.Visitor
com.x2bro4pro.bro4call.CallService$Companion
com.x2bro4pro.bro4call.databinding.VisitorListItemGlassBinding
com.x2bro4pro.bro4call.AppActivity$openUserManagement$1
com.x2bro4pro.bro4call.R$color
com.x2bro4pro.bro4call.AppActivity$PeerConnectionClient$handleAnswer$1
com.x2bro4pro.bro4call.AppActivity$handleIncomingOffer$2
com.x2bro4pro.bro4call.AppActivity$handleIncomingOffer$1
com.x2bro4pro.bro4call.AuthClient$Companion
com.x2bro4pro.bro4call.NetworkChangeReceiver$Companion
com.x2bro4pro.bro4call.AuthClient$login$1
com.x2bro4pro.bro4call.databinding.VisitorListItemTemplateBinding
com.x2bro4pro.bro4call.R$style
com.x2bro4pro.bro4call.R$drawable
com.x2bro4pro.bro4call.MyFirebaseMessagingService$Companion
com.x2bro4pro.bro4call.BootReceiver
com.x2bro4pro.bro4call.AppActivity$PeerConnectionClient
com.x2bro4pro.bro4call.AppActivity$VisitorAdapter$VisitorViewHolder
com.x2bro4pro.bro4call.SignalingListener
com.x2bro4pro.bro4call.AppActivity$serviceConnection$1
com.x2bro4pro.bro4call.R$mipmap
com.x2bro4pro.bro4call.BootReceiver$Companion
com.x2bro4pro.bro4call.SignalingClient
com.x2bro4pro.bro4call.AppActivity$startMonitoringCall$1
com.x2bro4pro.bro4call.AppActivity$VisitorAdapter$VisitorViewHolder: android.widget.TextView domain
com.x2bro4pro.bro4call.NetworkChangeReceiver: com.x2bro4pro.bro4call.NetworkChangeReceiver$Companion Companion
com.x2bro4pro.bro4call.AppActivity: java.lang.String currentRoom
com.x2bro4pro.bro4call.AppActivity: com.x2bro4pro.bro4call.AppActivity$Companion Companion
com.x2bro4pro.bro4call.AppActivity: android.widget.TextView activeCallInfo
com.x2bro4pro.bro4call.databinding.ActivityAppLayoutGlassBinding: android.widget.TextView activeCallInfo
com.x2bro4pro.bro4call.R$color: int glass_surface
com.x2bro4pro.bro4call.databinding.VisitorListItemGlassBinding: android.widget.TextView visitorName
com.x2bro4pro.bro4call.BootReceiver: java.lang.String TAG
com.x2bro4pro.bro4call.databinding.ActivityAppLayoutBinding: com.google.android.material.button.MaterialButton callEndButton
com.x2bro4pro.bro4call.CallService: kotlin.jvm.functions.Function2 onCallReceived
com.x2bro4pro.bro4call.R$drawable: int glass_button_success
com.x2bro4pro.bro4call.R$color: int glass_background_end
com.x2bro4pro.bro4call.databinding.VisitorListItemTemplateBinding: android.widget.ImageView visitorAvatar
com.x2bro4pro.bro4call.AuthClient: java.lang.String PREF_FILE
...
org.webrtc.Camera2Session$SessionState: org.webrtc.Camera2Session$SessionState valueOf(java.lang.String)
okhttp3.internal.Util: void closeQuietly(java.net.ServerSocket)
com.google.android.material.materialswitch.MaterialSwitch: MaterialSwitch(android.content.Context,android.util.AttributeSet,int)
okhttp3.WebSocketListener: void onClosed(okhttp3.WebSocket,int,java.lang.String)
com.google.android.material.carousel.CarouselOrientationHelper$2: void offsetChild(android.view.View,android.graphics.Rect,float,float)
androidx.core.view.ViewCompat$Api26Impl: int getNextClusterForwardId(android.view.View)
com.google.android.material.timepicker.ClockHandView: void addOnRotateListener(com.google.android.material.timepicker.ClockHandView$OnRotateListener)
com.google.android.material.snackbar.Snackbar$Callback: void onShown(java.lang.Object)
okhttp3.Dispatcher: java.lang.Runnable getIdleCallback()
com.google.android.material.bottomappbar.BottomAppBar$SavedState$1: BottomAppBar$SavedState$1()
com.google.firebase.messaging.MessagingAnalytics: java.lang.String getTopic(android.os.Bundle)
okhttp3.internal.HostnamesKt: java.net.InetAddress decodeIpv6(java.lang.String,int,int)
androidx.recyclerview.widget.RecyclerView$3: float getInterpolation(float)
com.google.firebase.components.ComponentContainer: java.util.Set setOf(java.lang.Class)
androidx.recyclerview.widget.GapWorker: void buildTaskList()
com.google.android.material.textfield.TextInputLayout: void setCursorErrorColor(android.content.res.ColorStateList)
okhttp3.Cache$CacheResponseBody: okhttp3.MediaType contentType()
com.google.android.material.sidesheet.SideSheetBehavior: void lambda$setState$0(int)
okhttp3.CipherSuite: okhttp3.CipherSuite forJavaName(java.lang.String)
androidx.recyclerview.widget.RecyclerView$LayoutManager: void scrollToPosition(int)
com.google.firebase.encoders.json.JsonValueObjectEncoderContext: com.google.firebase.encoders.ObjectEncoderContext add(com.google.firebase.encoders.FieldDescriptor,long)
androidx.core.graphics.drawable.IconCompat$Api23Impl: android.graphics.drawable.Icon toIcon(androidx.core.graphics.drawable.IconCompat,android.content.Context)
androidx.core.app.ComponentActivity: void putExtraData(androidx.core.app.ComponentActivity$ExtraData)
com.google.android.material.navigation.NavigationBarItemView: void calculateTextScaleFactors(float,float)
okhttp3.internal.http2.Http2Writer: void dataFrame(int,int,okio.Buffer,int)
com.google.android.material.transition.platform.FadeThroughProvider$2: FadeThroughProvider$2(android.view.View,float)
com.google.android.material.internal.CheckableGroup: void removeCheckable(com.google.android.material.internal.MaterialCheckable)
androidx.security.crypto.EncryptedFile$EncryptedFileOutputStream: void close()
org.webrtc.MediaStreamTrack$MediaType: int getNative()
com.google.firebase.messaging.MessagingAnalytics: java.lang.String getComposerLabel(android.os.Bundle)
com.google.android.material.button.MaterialButtonToggleGroup: int getIndexWithinVisibleButtons(android.view.View)
androidx.recyclerview.widget.AsyncDifferConfig: java.util.concurrent.Executor getMainThreadExecutor()
androidx.recyclerview.widget.StaggeredGridLayoutManager: int calculateScrollDirectionForPosition(int)
org.webrtc.AndroidVideoDecoder: boolean isSupportedColorFormat(int)
com.google.firebase.installations.local.PersistedInstallationEntry: boolean isUnregistered()
androidx.security.crypto.MasterKey$Api23Impl: MasterKey$Api23Impl()
androidx.recyclerview.widget.DefaultItemAnimator: void resetAnimation(androidx.recyclerview.widget.RecyclerView$ViewHolder)
com.google.android.material.textfield.MaterialAutoCompleteTextView: void onInputTypeChanged()
com.google.android.gms.internal.measurement.zzfc$zza$zzd: com.google.android.gms.internal.measurement.zzfc$zza$zzd[] values()
com.google.android.material.bottomsheet.BottomSheetDialog: void setLightStatusBar(android.view.View,boolean)